TN:
SF:src\app\app.component.ts
FNF:0
FNH:0
DA:8,1
DA:9,2
LF:2
LH:2
BRF:0
BRH:0
end_of_record
TN:
SF:src\app\components\components.module.ts
FNF:0
FNH:0
DA:26,1
LF:1
LH:1
BRF:0
BRH:0
end_of_record
TN:
SF:src\app\components\footer\footer.component.ts
FN:11,(anonymous_2)
FNF:1
FNH:1
FNDA:1,(anonymous_2)
DA:8,1
DA:9,1
LF:2
LH:2
BRF:0
BRH:0
end_of_record
TN:
SF:src\app\components\navbar\navbar.component.ts
FN:17,(anonymous_2)
FN:22,(anonymous_3)
FN:31,(anonymous_4)
FN:34,(anonymous_5)
FN:37,(anonymous_6)
FN:45,(anonymous_7)
FNF:6
FNH:2
FNDA:1,(anonymous_2)
FNDA:1,(anonymous_3)
FNDA:0,(anonymous_4)
FNDA:0,(anonymous_5)
FNDA:0,(anonymous_6)
FNDA:0,(anonymous_7)
DA:13,1
DA:17,1
DA:18,1
DA:23,1
DA:25,1
DA:26,1
DA:27,1
DA:30,0
DA:31,0
DA:33,0
DA:34,0
DA:36,0
DA:37,0
DA:40,0
DA:46,0
DA:48,0
DA:49,0
DA:52,0
DA:53,0
DA:54,0
DA:58,0
LF:21
LH:7
BRDA:25,0,0,1
BRDA:25,1,0,1
BRDA:25,1,1,0
BRDA:30,2,0,0
BRDA:30,2,1,0
BRDA:33,3,0,0
BRDA:33,3,1,0
BRDA:36,4,0,0
BRDA:36,4,1,0
BRDA:48,5,0,0
BRDA:53,6,0,0
BRDA:17,7,0,1
BRDA:17,7,1,0
BRDA:17,8,0,1
BRDA:17,8,1,1
BRDA:17,9,0,1
BRDA:17,9,1,0
BRDA:17,10,0,1
BRDA:17,10,1,1
BRDA:17,11,0,1
BRDA:17,11,1,0
BRDA:17,12,0,1
BRDA:17,12,1,1
BRDA:17,13,0,1
BRDA:17,13,1,0
BRDA:17,14,0,1
BRDA:17,14,1,1
BRF:27
BRH:14
end_of_record
TN:
SF:src\app\components\sidebar\sidebar.component.ts
FN:42,(anonymous_2)
FN:44,(anonymous_3)
FN:53,(anonymous_4)
FN:56,(anonymous_5)
FN:59,(anonymous_6)
FN:65,(anonymous_7)
FNF:6
FNH:2
FNDA:1,(anonymous_2)
FNDA:1,(anonymous_3)
FNDA:0,(anonymous_4)
FNDA:0,(anonymous_5)
FNDA:0,(anonymous_6)
FNDA:0,(anonymous_7)
DA:13,1
DA:19,1
DA:25,1
DA:35,1
DA:38,1
DA:42,1
DA:45,1
DA:47,1
DA:48,1
DA:49,1
DA:52,0
DA:53,0
DA:55,0
DA:56,0
DA:58,0
DA:59,0
DA:62,0
DA:65,0
DA:66,0
LF:19
LH:10
BRDA:47,0,0,1
BRDA:47,1,0,1
BRDA:47,1,1,0
BRDA:52,2,0,0
BRDA:52,2,1,0
BRDA:55,3,0,0
BRDA:55,3,1,0
BRDA:58,4,0,0
BRDA:58,4,1,0
BRDA:42,5,0,1
BRDA:42,5,1,0
BRDA:42,6,0,1
BRDA:42,6,1,1
BRDA:42,7,0,1
BRDA:42,7,1,0
BRDA:42,8,0,1
BRDA:42,8,1,1
BRF:17
BRH:8
end_of_record
TN:
SF:src\app\layouts\admin-layout\admin-layout.component.ts
FN:10,(anonymous_2)
FNF:1
FNH:1
FNDA:1,(anonymous_2)
DA:8,1
LF:1
LH:1
BRF:0
BRH:0
end_of_record
TN:
SF:src\app\layouts\auth-layout\auth-layout.component.ts
FN:13,(anonymous_2)
FN:15,(anonymous_3)
FN:22,(anonymous_4)
FN:27,(anonymous_5)
FNF:4
FNH:3
FNDA:1,(anonymous_2)
FNDA:1,(anonymous_3)
FNDA:0,(anonymous_4)
FNDA:1,(anonymous_5)
DA:9,1
DA:10,1
DA:11,1
DA:13,1
DA:16,1
DA:17,1
DA:19,1
DA:20,1
DA:22,1
DA:23,0
DA:28,1
DA:29,1
DA:31,1
DA:32,1
LF:14
LH:13
BRDA:13,0,0,1
BRDA:13,0,1,0
BRDA:13,1,0,1
BRDA:13,1,1,1
BRF:4
BRH:3
end_of_record
TN:
SF:src\app\pages\authentication\create-account\create-account.component.ts
FN:11,(anonymous_2)
FN:13,(anonymous_3)
FNF:2
FNH:1
FNDA:1,(anonymous_2)
FNDA:0,(anonymous_3)
DA:8,1
DA:9,1
DA:14,0
LF:3
LH:2
BRF:0
BRH:0
end_of_record
TN:
SF:src\app\pages\authentication\create-account\donor\donor.component.ts
FN:22,(anonymous_2)
FN:29,(anonymous_3)
FN:33,(anonymous_4)
FN:43,(anonymous_5)
FN:47,(anonymous_6)
FN:48,(anonymous_7)
FN:57,(anonymous_8)
FN:70,(anonymous_9)
FN:73,(anonymous_10)
FN:82,(anonymous_11)
FN:88,(anonymous_12)
FNF:11
FNH:11
FNDA:9,(anonymous_2)
FNDA:9,(anonymous_3)
FNDA:9,(anonymous_4)
FNDA:85,(anonymous_5)
FNDA:1,(anonymous_6)
FNDA:5,(anonymous_7)
FNDA:3,(anonymous_8)
FNDA:1,(anonymous_9)
FNDA:1,(anonymous_10)
FNDA:2,(anonymous_11)
FNDA:6,(anonymous_12)
DA:14,1
DA:16,9
DA:17,9
DA:19,9
DA:20,9
DA:23,9
DA:24,9
DA:25,9
DA:26,9
DA:30,9
DA:34,9
DA:44,85
DA:48,1
DA:49,5
DA:53,4
DA:58,3
DA:59,3
DA:61,3
DA:62,1
DA:64,2
DA:65,2
DA:67,2
DA:69,2
DA:71,1
DA:74,1
DA:75,0
DA:76,0
DA:79,1
DA:83,2
DA:89,6
DA:90,6
DA:92,6
DA:93,1
DA:94,1
DA:97,5
DA:98,1
DA:99,1
DA:102,4
DA:103,4
DA:104,1
DA:105,1
DA:108,3
LF:42
LH:40
BRDA:49,0,0,4
BRDA:50,1,0,5
BRDA:50,1,1,4
BRDA:58,2,0,3
BRDA:58,2,1,1
BRDA:59,3,0,3
BRDA:59,3,1,1
BRDA:61,4,0,1
BRDA:61,4,1,2
BRDA:64,5,0,2
BRDA:64,6,0,2
BRDA:64,6,1,2
BRDA:64,6,2,2
BRDA:74,7,0,0
BRDA:74,7,1,1
BRDA:92,8,0,1
BRDA:92,9,0,6
BRDA:92,9,1,5
BRDA:97,10,0,1
BRDA:103,11,0,1
BRDA:23,12,0,1
BRDA:23,12,1,0
BRDA:23,13,0,1
BRDA:23,13,1,1
BRDA:23,14,0,1
BRDA:23,14,1,0
BRDA:23,15,0,1
BRDA:23,15,1,1
BRDA:24,16,0,1
BRDA:24,16,1,0
BRDA:24,17,0,1
BRDA:24,17,1,1
BRDA:25,18,0,1
BRDA:25,18,1,0
BRDA:25,19,0,1
BRDA:25,19,1,1
BRF:36
BRH:31
end_of_record
TN:
SF:src\app\pages\authentication\create-account\organization\organization.component.ts
FN:23,(anonymous_2)
FN:30,(anonymous_3)
FN:34,(anonymous_4)
FN:49,(anonymous_5)
FN:53,(anonymous_6)
FN:54,(anonymous_7)
FN:63,(anonymous_8)
FN:76,(anonymous_9)
FN:79,(anonymous_10)
FN:82,(anonymous_11)
FN:88,(anonymous_12)
FNF:11
FNH:11
FNDA:9,(anonymous_2)
FNDA:9,(anonymous_3)
FNDA:9,(anonymous_4)
FNDA:171,(anonymous_5)
FNDA:1,(anonymous_6)
FNDA:10,(anonymous_7)
FNDA:3,(anonymous_8)
FNDA:1,(anonymous_9)
FNDA:1,(anonymous_10)
FNDA:2,(anonymous_11)
FNDA:6,(anonymous_12)
DA:15,1
DA:17,9
DA:18,9
DA:20,9
DA:21,9
DA:24,9
DA:25,9
DA:26,9
DA:27,9
DA:31,9
DA:35,9
DA:50,171
DA:54,1
DA:55,10
DA:59,8
DA:64,3
DA:65,3
DA:67,3
DA:68,1
DA:70,2
DA:71,2
DA:73,2
DA:75,2
DA:77,1
DA:80,1
DA:83,2
DA:89,6
DA:90,6
DA:92,6
DA:93,1
DA:94,1
DA:97,5
DA:98,1
DA:99,1
DA:102,4
DA:103,4
DA:104,1
DA:105,1
DA:108,3
LF:39
LH:39
BRDA:55,0,0,8
BRDA:56,1,0,10
BRDA:56,1,1,9
BRDA:64,2,0,3
BRDA:64,2,1,1
BRDA:65,3,0,3
BRDA:65,3,1,1
BRDA:67,4,0,1
BRDA:67,4,1,2
BRDA:70,5,0,2
BRDA:70,6,0,2
BRDA:70,6,1,2
BRDA:70,6,2,2
BRDA:92,7,0,1
BRDA:92,8,0,6
BRDA:92,8,1,5
BRDA:97,9,0,1
BRDA:103,10,0,1
BRDA:24,11,0,1
BRDA:24,11,1,0
BRDA:24,12,0,1
BRDA:24,12,1,1
BRDA:24,13,0,1
BRDA:24,13,1,0
BRDA:24,14,0,1
BRDA:24,14,1,1
BRDA:25,15,0,1
BRDA:25,15,1,0
BRDA:25,16,0,1
BRDA:25,16,1,1
BRDA:26,17,0,1
BRDA:26,17,1,0
BRDA:26,18,0,1
BRDA:26,18,1,1
BRF:34
BRH:30
end_of_record
TN:
SF:src\app\pages\authentication\create-account\volunteer\volunteer.component.ts
FN:22,(anonymous_2)
FN:29,(anonymous_3)
FN:33,(anonymous_4)
FN:46,(anonymous_5)
FN:50,(anonymous_6)
FN:51,(anonymous_7)
FN:59,(anonymous_8)
FN:69,(anonymous_9)
FN:72,(anonymous_10)
FN:75,(anonymous_11)
FN:81,(anonymous_12)
FNF:11
FNH:11
FNDA:9,(anonymous_2)
FNDA:9,(anonymous_3)
FNDA:9,(anonymous_4)
FNDA:116,(anonymous_5)
FNDA:1,(anonymous_6)
FNDA:8,(anonymous_7)
FNDA:3,(anonymous_8)
FNDA:1,(anonymous_9)
FNDA:1,(anonymous_10)
FNDA:2,(anonymous_11)
FNDA:6,(anonymous_12)
DA:15,1
DA:17,9
DA:18,9
DA:19,9
DA:20,9
DA:23,9
DA:24,9
DA:25,9
DA:26,9
DA:30,9
DA:34,9
DA:47,116
DA:51,1
DA:52,8
DA:53,8
DA:54,6
DA:60,3
DA:61,3
DA:63,3
DA:64,1
DA:65,2
DA:66,2
DA:67,2
DA:68,2
DA:70,1
DA:73,1
DA:76,2
DA:82,6
DA:84,6
DA:85,1
DA:86,1
DA:89,5
DA:90,1
DA:91,1
DA:94,4
DA:95,4
DA:96,1
DA:97,1
DA:100,3
LF:39
LH:39
BRDA:53,0,0,6
BRDA:53,1,0,8
BRDA:53,1,1,7
BRDA:60,2,0,3
BRDA:60,2,1,1
BRDA:61,3,0,3
BRDA:61,3,1,1
BRDA:63,4,0,1
BRDA:63,4,1,2
BRDA:65,5,0,2
BRDA:65,6,0,2
BRDA:65,6,1,2
BRDA:65,6,2,2
BRDA:84,7,0,1
BRDA:84,8,0,6
BRDA:84,8,1,5
BRDA:89,9,0,1
BRDA:95,10,0,1
BRDA:23,11,0,1
BRDA:23,11,1,0
BRDA:23,12,0,1
BRDA:23,12,1,1
BRDA:23,13,0,1
BRDA:23,13,1,0
BRDA:23,14,0,1
BRDA:23,14,1,1
BRDA:24,15,0,1
BRDA:24,15,1,0
BRDA:24,16,0,1
BRDA:24,16,1,1
BRDA:25,17,0,1
BRDA:25,17,1,0
BRDA:25,18,0,1
BRDA:25,18,1,1
BRF:34
BRH:30
end_of_record
TN:
SF:src\app\pages\authentication\login\login.component.ts
FN:18,(anonymous_2)
FN:26,(anonymous_3)
FN:30,(anonymous_4)
FN:37,(anonymous_5)
FN:41,(anonymous_6)
FN:42,(anonymous_7)
FN:51,(anonymous_8)
FN:58,(anonymous_9)
FN:63,(anonymous_10)
FN:66,(anonymous_11)
FNF:10
FNH:9
FNDA:4,(anonymous_2)
FNDA:4,(anonymous_3)
FNDA:4,(anonymous_4)
FNDA:20,(anonymous_5)
FNDA:1,(anonymous_6)
FNDA:2,(anonymous_7)
FNDA:2,(anonymous_8)
FNDA:0,(anonymous_9)
FNDA:1,(anonymous_10)
FNDA:1,(anonymous_11)
DA:14,1
DA:16,4
DA:19,4
DA:20,4
DA:21,4
DA:22,4
DA:23,4
DA:27,4
DA:31,4
DA:38,20
DA:42,1
DA:43,2
DA:47,2
DA:52,2
DA:53,1
DA:55,1
DA:57,1
DA:59,0
DA:60,0
DA:61,0
DA:64,1
DA:67,1
LF:22
LH:19
BRDA:43,0,0,2
BRDA:44,1,0,2
BRDA:44,1,1,0
BRDA:52,2,0,1
BRDA:52,2,1,1
BRDA:19,3,0,1
BRDA:19,3,1,0
BRDA:19,4,0,1
BRDA:19,4,1,1
BRDA:19,5,0,1
BRDA:19,5,1,0
BRDA:19,6,0,1
BRDA:19,6,1,1
BRDA:20,7,0,1
BRDA:20,7,1,0
BRDA:20,8,0,1
BRDA:20,8,1,1
BRDA:21,9,0,1
BRDA:21,9,1,0
BRDA:21,10,0,1
BRDA:21,10,1,1
BRDA:22,11,0,1
BRDA:22,11,1,0
BRDA:22,12,0,1
BRDA:22,12,1,1
BRF:25
BRH:19
end_of_record
TN:
SF:src\app\pages\campaign\campaign-donation\campaign-donation.component.ts
FN:23,(anonymous_2)
FN:30,(anonymous_3)
FN:41,(anonymous_4)
FN:45,(anonymous_5)
FN:48,(anonymous_6)
FN:51,(anonymous_7)
FN:56,(anonymous_8)
FN:79,(anonymous_9)
FN:102,(anonymous_10)
FN:105,(anonymous_11)
FNF:10
FNH:8
FNDA:7,(anonymous_2)
FNDA:9,(anonymous_3)
FNDA:8,(anonymous_4)
FNDA:7,(anonymous_5)
FNDA:1,(anonymous_6)
FNDA:8,(anonymous_7)
FNDA:18,(anonymous_8)
FNDA:18,(anonymous_9)
FNDA:0,(anonymous_10)
FNDA:0,(anonymous_11)
DA:12,1
DA:18,7
DA:19,7
DA:21,7
DA:24,7
DA:25,7
DA:26,7
DA:27,7
DA:31,9
DA:33,9
DA:34,7
DA:37,2
DA:42,8
DA:44,8
DA:46,7
DA:49,1
DA:52,8
DA:58,18
DA:60,1
DA:63,1
DA:66,1
DA:69,1
DA:72,1
DA:75,13
DA:81,18
DA:83,1
DA:86,1
DA:89,1
DA:92,1
DA:95,1
DA:98,13
DA:103,0
DA:105,0
DA:106,0
LF:34
LH:31
BRDA:33,0,0,7
BRDA:33,0,1,2
BRDA:58,1,0,1
BRDA:58,1,1,1
BRDA:58,1,2,1
BRDA:58,1,3,1
BRDA:58,1,4,1
BRDA:58,1,5,13
BRDA:81,2,0,1
BRDA:81,2,1,1
BRDA:81,2,2,1
BRDA:81,2,3,1
BRDA:81,2,4,1
BRDA:81,2,5,13
BRDA:103,3,0,0
BRDA:24,4,0,1
BRDA:24,4,1,0
BRDA:24,5,0,1
BRDA:24,5,1,1
BRDA:24,6,0,1
BRDA:24,6,1,0
BRDA:24,7,0,1
BRDA:24,7,1,1
BRDA:25,8,0,1
BRDA:25,8,1,0
BRDA:25,9,0,1
BRDA:25,9,1,1
BRDA:26,10,0,1
BRDA:26,10,1,0
BRDA:26,11,0,1
BRDA:26,11,1,1
BRF:31
BRH:26
end_of_record
TN:
SF:src\app\pages\campaign\campaign-list\campaign-list.component.ts
FN:12,(anonymous_2)
FNF:1
FNH:1
FNDA:2,(anonymous_2)
DA:8,1
LF:1
LH:1
BRF:0
BRH:0
end_of_record
TN:
SF:src\app\pages\campaign\campaign-view\campaign-view.component.ts
FN:21,(anonymous_2)
FN:29,(anonymous_3)
FN:41,(anonymous_4)
FN:45,(anonymous_5)
FN:48,(anonymous_6)
FN:51,(anonymous_7)
FNF:6
FNH:6
FNDA:5,(anonymous_2)
FNDA:7,(anonymous_3)
FNDA:6,(anonymous_4)
FNDA:5,(anonymous_5)
FNDA:1,(anonymous_6)
FNDA:6,(anonymous_7)
DA:12,1
DA:14,5
DA:16,5
DA:18,5
DA:19,5
DA:22,5
DA:23,5
DA:24,5
DA:25,5
DA:26,5
DA:30,7
DA:32,7
DA:33,5
DA:34,5
DA:37,2
DA:42,6
DA:44,6
DA:46,5
DA:49,1
DA:52,6
LF:20
LH:20
BRDA:32,0,0,5
BRDA:32,0,1,2
BRDA:22,1,0,1
BRDA:22,1,1,0
BRDA:22,2,0,1
BRDA:22,2,1,1
BRDA:22,3,0,1
BRDA:22,3,1,0
BRDA:22,4,0,1
BRDA:22,4,1,1
BRDA:23,5,0,1
BRDA:23,5,1,0
BRDA:23,6,0,1
BRDA:23,6,1,1
BRDA:24,7,0,1
BRDA:24,7,1,0
BRDA:24,8,0,1
BRDA:24,8,1,1
BRDA:25,9,0,1
BRDA:25,9,1,0
BRDA:25,10,0,1
BRDA:25,10,1,1
BRF:22
BRH:17
end_of_record
TN:
SF:src\app\pages\campaign\campaign-volunteer\campaign-volunteer.component.ts
FN:20,(anonymous_2)
FN:29,(anonymous_3)
FN:47,(anonymous_4)
FN:51,(anonymous_5)
FN:54,(anonymous_6)
FN:57,(anonymous_7)
FN:62,(anonymous_8)
FN:71,(anonymous_9)
FN:75,(anonymous_10)
FN:78,(anonymous_11)
FNF:10
FNH:10
FNDA:7,(anonymous_2)
FNDA:10,(anonymous_3)
FNDA:9,(anonymous_4)
FNDA:8,(anonymous_5)
FNDA:1,(anonymous_6)
FNDA:9,(anonymous_7)
FNDA:8,(anonymous_8)
FNDA:7,(anonymous_9)
FNDA:1,(anonymous_10)
FNDA:8,(anonymous_11)
DA:12,1
DA:13,7
DA:15,7
DA:16,7
DA:18,7
DA:21,7
DA:22,7
DA:23,7
DA:24,7
DA:25,7
DA:26,7
DA:30,10
DA:32,10
DA:33,8
DA:35,8
DA:36,0
DA:37,0
DA:40,8
DA:43,2
DA:48,9
DA:50,9
DA:52,8
DA:58,9
DA:63,8
DA:65,8
DA:70,8
DA:72,7
DA:73,7
DA:76,1
DA:79,8
LF:30
LH:28
BRDA:32,0,0,8
BRDA:32,0,1,2
BRDA:35,1,0,0
BRDA:21,2,0,1
BRDA:21,2,1,0
BRDA:21,3,0,1
BRDA:21,3,1,1
BRDA:21,4,0,1
BRDA:21,4,1,0
BRDA:21,5,0,1
BRDA:21,5,1,1
BRDA:22,6,0,1
BRDA:22,6,1,0
BRDA:22,7,0,1
BRDA:22,7,1,1
BRDA:23,8,0,1
BRDA:23,8,1,0
BRDA:23,9,0,1
BRDA:23,9,1,1
BRDA:24,10,0,1
BRDA:24,10,1,0
BRDA:24,11,0,1
BRDA:24,11,1,1
BRDA:25,12,0,1
BRDA:25,12,1,0
BRDA:25,13,0,1
BRDA:25,13,1,1
BRF:27
BRH:20
end_of_record
TN:
SF:src\app\pages\campaign\campaign-volunteer-aprovation\campaign-volunteer-aprovation.component.ts
FN:15,(anonymous_2)
FN:22,(anonymous_3)
FN:30,(anonymous_4)
FN:34,(anonymous_5)
FN:37,(anonymous_6)
FNF:5
FNH:5
FNDA:5,(anonymous_2)
FNDA:8,(anonymous_3)
FNDA:9,(anonymous_4)
FNDA:9,(anonymous_5)
FNDA:9,(anonymous_6)
DA:11,1
DA:12,5
DA:13,5
DA:16,5
DA:17,5
DA:18,5
DA:19,5
DA:23,8
DA:25,8
DA:27,8
DA:31,9
DA:33,9
DA:35,9
DA:38,9
LF:14
LH:14
BRDA:25,0,0,1
BRDA:16,1,0,1
BRDA:16,1,1,0
BRDA:16,2,0,1
BRDA:16,2,1,1
BRDA:16,3,0,1
BRDA:16,3,1,0
BRDA:16,4,0,1
BRDA:16,4,1,1
BRDA:17,5,0,1
BRDA:17,5,1,0
BRDA:17,6,0,1
BRDA:17,6,1,1
BRDA:18,7,0,1
BRDA:18,7,1,0
BRDA:18,8,0,1
BRDA:18,8,1,1
BRF:17
BRH:13
end_of_record
TN:
SF:src\app\pages\campaign\campaign-volunteer-aprovation\campaign-volunteer-aprovation-view\campaign-volunteer-aprovation-view.component.ts
FN:17,(anonymous_2)
FN:24,(anonymous_3)
FN:36,(anonymous_4)
FN:40,(anonymous_5)
FN:44,(anonymous_6)
FN:49,(anonymous_7)
FN:57,(anonymous_8)
FN:60,(anonymous_9)
FNF:8
FNH:8
FNDA:6,(anonymous_2)
FNDA:8,(anonymous_3)
FNDA:8,(anonymous_4)
FNDA:8,(anonymous_5)
FNDA:8,(anonymous_6)
FNDA:1,(anonymous_7)
FNDA:1,(anonymous_8)
FNDA:1,(anonymous_9)
DA:10,1
DA:13,6
DA:14,6
DA:15,6
DA:18,6
DA:19,6
DA:20,6
DA:21,6
DA:25,8
DA:27,8
DA:28,6
DA:31,2
DA:37,8
DA:39,8
DA:41,8
DA:42,8
DA:45,8
DA:50,1
DA:52,1
DA:56,1
DA:58,1
DA:61,1
LF:22
LH:22
BRDA:27,0,0,6
BRDA:27,0,1,2
BRDA:18,1,0,1
BRDA:18,1,1,0
BRDA:18,2,0,1
BRDA:18,2,1,1
BRDA:18,3,0,1
BRDA:18,3,1,0
BRDA:18,4,0,1
BRDA:18,4,1,1
BRDA:19,5,0,1
BRDA:19,5,1,0
BRDA:19,6,0,1
BRDA:19,6,1,1
BRDA:20,7,0,1
BRDA:20,7,1,0
BRDA:20,8,0,1
BRDA:20,8,1,1
BRF:18
BRH:14
end_of_record
TN:
SF:src\app\pages\campaign\campaign-volunteer-view\campaign-volunteer-view.component.ts
FN:16,(anonymous_2)
FN:22,(anonymous_3)
FN:30,(anonymous_4)
FN:34,(anonymous_5)
FN:37,(anonymous_6)
FN:41,(anonymous_7)
FN:46,(anonymous_8)
FNF:7
FNH:7
FNDA:5,(anonymous_2)
FNDA:7,(anonymous_3)
FNDA:2,(anonymous_4)
FNDA:2,(anonymous_5)
FNDA:3,(anonymous_6)
FNDA:2,(anonymous_7)
FNDA:6,(anonymous_8)
DA:12,1
DA:13,5
DA:14,5
DA:17,5
DA:18,5
DA:19,5
DA:23,7
DA:25,7
DA:26,1
DA:31,2
DA:33,2
DA:35,2
DA:37,2
DA:38,3
DA:42,2
DA:47,6
DA:49,2
DA:55,2
DA:61,2
LF:19
LH:19
BRDA:25,0,0,1
BRDA:47,1,0,2
BRDA:47,1,1,2
BRDA:47,1,2,2
BRDA:17,2,0,1
BRDA:17,2,1,0
BRDA:17,3,0,1
BRDA:17,3,1,1
BRDA:17,4,0,1
BRDA:17,4,1,0
BRDA:17,5,0,1
BRDA:17,5,1,1
BRDA:18,6,0,1
BRDA:18,6,1,0
BRDA:18,7,0,1
BRDA:18,7,1,1
BRF:16
BRH:13
end_of_record
TN:
SF:src\app\pages\dashboard\dashboard.component.ts
FN:17,(anonymous_2)
FN:23,(anonymous_3)
FN:38,(anonymous_4)
FN:42,(anonymous_5)
FN:46,(anonymous_6)
FN:49,(anonymous_7)
FN:54,(anonymous_8)
FN:58,(anonymous_9)
FN:62,(anonymous_10)
FN:65,(anonymous_11)
FN:70,(anonymous_12)
FN:74,(anonymous_13)
FN:75,(anonymous_14)
FNF:13
FNH:11
FNDA:7,(anonymous_2)
FNDA:9,(anonymous_3)
FNDA:2,(anonymous_4)
FNDA:2,(anonymous_5)
FNDA:0,(anonymous_6)
FNDA:2,(anonymous_7)
FNDA:2,(anonymous_8)
FNDA:2,(anonymous_9)
FNDA:0,(anonymous_10)
FNDA:2,(anonymous_11)
FNDA:1,(anonymous_12)
FNDA:2,(anonymous_13)
FNDA:5,(anonymous_14)
DA:11,1
DA:12,7
DA:13,7
DA:14,7
DA:18,7
DA:19,7
DA:20,7
DA:24,9
DA:26,9
DA:28,2
DA:29,1
DA:32,1
DA:39,2
DA:41,2
DA:43,2
DA:44,2
DA:50,2
DA:55,2
DA:57,2
DA:59,2
DA:60,2
DA:66,2
DA:71,1
DA:75,2
DA:76,5
LF:25
LH:25
BRDA:26,0,0,2
BRDA:28,1,0,1
BRDA:28,1,1,1
BRDA:18,2,0,1
BRDA:18,2,1,0
BRDA:18,3,0,1
BRDA:18,3,1,1
BRDA:18,4,0,1
BRDA:18,4,1,0
BRDA:18,5,0,1
BRDA:18,5,1,1
BRDA:19,6,0,1
BRDA:19,6,1,0
BRDA:19,7,0,1
BRDA:19,7,1,1
BRF:15
BRH:12
end_of_record
TN:
SF:src\app\pages\organization\organization.component.ts
FN:12,(anonymous_2)
FN:17,(anonymous_3)
FN:21,(anonymous_4)
FN:25,(anonymous_5)
FN:28,(anonymous_6)
FNF:5
FNH:5
FNDA:3,(anonymous_2)
FNDA:4,(anonymous_3)
FNDA:4,(anonymous_4)
FNDA:4,(anonymous_5)
FNDA:4,(anonymous_6)
DA:9,1
DA:10,3
DA:13,3
DA:14,3
DA:18,4
DA:22,4
DA:24,4
DA:26,4
DA:29,4
LF:9
LH:9
BRDA:13,0,0,1
BRDA:13,0,1,0
BRDA:13,1,0,1
BRDA:13,1,1,1
BRDA:13,2,0,1
BRDA:13,2,1,0
BRDA:13,3,0,1
BRDA:13,3,1,1
BRF:8
BRH:6
end_of_record
TN:
SF:src\app\pages\profile\profile.component.ts
FN:22,(anonymous_2)
FN:32,(anonymous_3)
FN:58,(anonymous_4)
FN:62,(anonymous_5)
FN:69,(anonymous_6)
FN:72,(anonymous_7)
FN:77,(anonymous_8)
FN:81,(anonymous_9)
FN:88,(anonymous_10)
FN:91,(anonymous_11)
FN:96,(anonymous_12)
FN:100,(anonymous_13)
FN:103,(anonymous_14)
FN:106,(anonymous_15)
FNF:14
FNH:11
FNDA:8,(anonymous_2)
FNDA:12,(anonymous_3)
FNDA:12,(anonymous_4)
FNDA:12,(anonymous_5)
FNDA:0,(anonymous_6)
FNDA:12,(anonymous_7)
FNDA:11,(anonymous_8)
FNDA:11,(anonymous_9)
FNDA:0,(anonymous_10)
FNDA:11,(anonymous_11)
FNDA:3,(anonymous_12)
FNDA:3,(anonymous_13)
FNDA:0,(anonymous_14)
FNDA:3,(anonymous_15)
DA:14,1
DA:16,8
DA:17,8
DA:18,8
DA:20,8
DA:23,8
DA:24,8
DA:25,8
DA:26,8
DA:27,8
DA:28,8
DA:29,8
DA:33,12
DA:34,12
DA:36,12
DA:38,12
DA:39,10
DA:40,1
DA:43,9
DA:46,10
DA:47,10
DA:49,2
DA:50,1
DA:51,1
DA:54,1
DA:59,12
DA:61,12
DA:63,12
DA:65,12
DA:66,1
DA:73,12
DA:78,11
DA:80,11
DA:82,11
DA:84,11
DA:85,1
DA:92,11
DA:97,3
DA:99,3
DA:101,3
DA:107,3
LF:41
LH:41
BRDA:36,0,0,10
BRDA:36,1,0,12
BRDA:36,1,1,10
BRDA:38,2,0,10
BRDA:38,2,1,2
BRDA:39,3,0,1
BRDA:39,3,1,9
BRDA:49,4,0,1
BRDA:49,4,1,1
BRDA:65,5,0,1
BRDA:84,6,0,1
BRDA:23,7,0,1
BRDA:23,7,1,0
BRDA:23,8,0,1
BRDA:23,8,1,1
BRDA:23,9,0,1
BRDA:23,9,1,0
BRDA:23,10,0,1
BRDA:23,10,1,1
BRDA:24,11,0,1
BRDA:24,11,1,0
BRDA:24,12,0,1
BRDA:24,12,1,1
BRDA:25,13,0,1
BRDA:25,13,1,0
BRDA:25,14,0,1
BRDA:25,14,1,1
BRDA:26,15,0,1
BRDA:26,15,1,0
BRDA:26,16,0,1
BRDA:26,16,1,1
BRDA:27,17,0,1
BRDA:27,17,1,0
BRDA:27,18,0,1
BRDA:27,18,1,1
BRDA:28,19,0,1
BRDA:28,19,1,0
BRDA:28,20,0,1
BRDA:28,20,1,1
BRF:39
BRH:32
end_of_record
TN:
SF:src\app\pages\user-profile\user-profile.component.ts
FN:22,(anonymous_2)
FN:32,(anonymous_3)
FN:56,(anonymous_4)
FN:60,(anonymous_5)
FN:67,(anonymous_6)
FN:70,(anonymous_7)
FN:75,(anonymous_8)
FN:79,(anonymous_9)
FN:86,(anonymous_10)
FN:89,(anonymous_11)
FN:94,(anonymous_12)
FN:98,(anonymous_13)
FN:101,(anonymous_14)
FN:104,(anonymous_15)
FNF:14
FNH:11
FNDA:10,(anonymous_2)
FNDA:4,(anonymous_3)
FNDA:2,(anonymous_4)
FNDA:2,(anonymous_5)
FNDA:0,(anonymous_6)
FNDA:2,(anonymous_7)
FNDA:2,(anonymous_8)
FNDA:2,(anonymous_9)
FNDA:0,(anonymous_10)
FNDA:2,(anonymous_11)
FNDA:1,(anonymous_12)
FNDA:1,(anonymous_13)
FNDA:0,(anonymous_14)
FNDA:1,(anonymous_15)
DA:14,1
DA:16,10
DA:17,10
DA:18,10
DA:20,10
DA:23,10
DA:24,10
DA:25,10
DA:26,10
DA:27,10
DA:28,10
DA:29,10
DA:33,4
DA:34,4
DA:36,4
DA:37,2
DA:38,1
DA:41,1
DA:44,2
DA:45,2
DA:47,2
DA:48,1
DA:49,1
DA:52,1
DA:57,2
DA:59,2
DA:61,2
DA:63,2
DA:64,1
DA:71,2
DA:76,2
DA:78,2
DA:80,2
DA:82,2
DA:83,1
DA:90,2
DA:95,1
DA:97,1
DA:99,1
DA:105,1
LF:40
LH:40
BRDA:36,0,0,2
BRDA:36,0,1,2
BRDA:37,1,0,1
BRDA:37,1,1,1
BRDA:47,2,0,1
BRDA:47,2,1,1
BRDA:63,3,0,1
BRDA:82,4,0,1
BRDA:23,5,0,1
BRDA:23,5,1,0
BRDA:23,6,0,1
BRDA:23,6,1,1
BRDA:23,7,0,1
BRDA:23,7,1,0
BRDA:23,8,0,1
BRDA:23,8,1,1
BRDA:24,9,0,1
BRDA:24,9,1,0
BRDA:24,10,0,1
BRDA:24,10,1,1
BRDA:25,11,0,1
BRDA:25,11,1,0
BRDA:25,12,0,1
BRDA:25,12,1,1
BRDA:26,13,0,1
BRDA:26,13,1,0
BRDA:26,14,0,1
BRDA:26,14,1,1
BRDA:27,15,0,1
BRDA:27,15,1,0
BRDA:27,16,0,1
BRDA:27,16,1,1
BRDA:28,17,0,1
BRDA:28,17,1,0
BRDA:28,18,0,1
BRDA:28,18,1,1
BRF:36
BRH:29
end_of_record
TN:
SF:src\app\pages\user-profile\organization-profile\organization-profile.component.ts
FN:30,(anonymous_2)
FN:37,(anonymous_3)
FN:44,(anonymous_4)
FN:48,(anonymous_5)
FN:51,(anonymous_6)
FN:56,(anonymous_7)
FN:60,(anonymous_8)
FN:63,(anonymous_9)
FN:66,(anonymous_10)
FN:71,(anonymous_11)
FN:75,(anonymous_12)
FN:77,(anonymous_13)
FN:80,(anonymous_14)
FN:85,(anonymous_15)
FN:91,(anonymous_16)
FN:154,(anonymous_17)
FN:158,(anonymous_18)
FN:162,(anonymous_19)
FN:165,(anonymous_20)
FNF:19
FNH:19
FNDA:11,(anonymous_2)
FNDA:13,(anonymous_3)
FNDA:12,(anonymous_4)
FNDA:12,(anonymous_5)
FNDA:12,(anonymous_6)
FNDA:2,(anonymous_7)
FNDA:1,(anonymous_8)
FNDA:1,(anonymous_9)
FNDA:2,(anonymous_10)
FNDA:2,(anonymous_11)
FNDA:13,(anonymous_12)
FNDA:12,(anonymous_13)
FNDA:2,(anonymous_14)
FNDA:1,(anonymous_15)
FNDA:9,(anonymous_16)
FNDA:2,(anonymous_17)
FNDA:1,(anonymous_18)
FNDA:1,(anonymous_19)
FNDA:1,(anonymous_20)
DA:13,1
DA:18,11
DA:19,11
DA:20,11
DA:24,11
DA:25,11
DA:27,11
DA:28,11
DA:31,11
DA:32,11
DA:33,11
DA:34,11
DA:38,13
DA:39,12
DA:40,12
DA:45,12
DA:47,12
DA:49,12
DA:52,12
DA:57,2
DA:59,2
DA:61,1
DA:64,1
DA:67,2
DA:72,2
DA:76,13
DA:78,12
DA:80,12
DA:81,2
DA:86,1
DA:92,9
DA:94,2
DA:99,2
DA:102,1
DA:107,1
DA:110,1
DA:115,1
DA:118,1
DA:123,1
DA:126,1
DA:131,1
DA:134,1
DA:139,1
DA:142,2
DA:147,2
DA:150,0
DA:155,2
DA:159,1
DA:161,1
DA:163,1
DA:166,1
LF:51
LH:50
BRDA:38,0,0,12
BRDA:92,1,0,2
BRDA:92,1,1,1
BRDA:92,1,2,1
BRDA:92,1,3,1
BRDA:92,1,4,1
BRDA:92,1,5,1
BRDA:92,1,6,2
BRDA:92,1,7,0
BRDA:31,2,0,1
BRDA:31,2,1,0
BRDA:31,3,0,1
BRDA:31,3,1,1
BRDA:31,4,0,1
BRDA:31,4,1,0
BRDA:31,5,0,1
BRDA:31,5,1,1
BRDA:32,6,0,1
BRDA:32,6,1,0
BRDA:32,7,0,1
BRDA:32,7,1,1
BRDA:33,8,0,1
BRDA:33,8,1,0
BRDA:33,9,0,1
BRDA:33,9,1,1
BRF:25
BRH:20
end_of_record
TN:
SF:src\app\pages\user-profile\organization-profile\organization-campaign\organization-campaign.component.ts
FN:12,(anonymous_2)
FNF:1
FNH:1
FNDA:2,(anonymous_2)
DA:7,1
LF:1
LH:1
BRF:0
BRH:0
end_of_record
TN:
SF:src\app\pages\user-profile\organization-profile\organization-edit-campaign\organization-edit-campaign.component.ts
FN:25,(anonymous_2)
FN:33,(anonymous_3)
FN:47,(anonymous_4)
FN:61,(anonymous_5)
FN:75,(anonymous_6)
FN:79,(anonymous_7)
FN:80,(anonymous_8)
FN:89,(anonymous_9)
FN:93,(anonymous_10)
FN:96,(anonymous_11)
FN:99,(anonymous_12)
FN:104,(anonymous_13)
FN:121,(anonymous_14)
FN:134,(anonymous_15)
FN:143,(anonymous_16)
FN:146,(anonymous_17)
FN:149,(anonymous_18)
FN:156,(anonymous_19)
FN:158,(anonymous_20)
FNF:19
FNH:19
FNDA:13,(anonymous_2)
FNDA:14,(anonymous_3)
FNDA:18,(anonymous_4)
FNDA:14,(anonymous_5)
FNDA:218,(anonymous_6)
FNDA:1,(anonymous_7)
FNDA:9,(anonymous_8)
FNDA:15,(anonymous_9)
FNDA:14,(anonymous_10)
FNDA:1,(anonymous_11)
FNDA:15,(anonymous_12)
FNDA:14,(anonymous_13)
FNDA:14,(anonymous_14)
FNDA:3,(anonymous_15)
FNDA:1,(anonymous_16)
FNDA:1,(anonymous_17)
FNDA:2,(anonymous_18)
FNDA:1,(anonymous_19)
FNDA:1,(anonymous_20)
DA:14,1
DA:17,13
DA:18,13
DA:22,13
DA:23,13
DA:26,13
DA:27,13
DA:28,13
DA:29,13
DA:30,13
DA:34,14
DA:36,14
DA:37,13
DA:38,13
DA:39,13
DA:40,13
DA:43,1
DA:48,18
DA:62,14
DA:76,218
DA:80,1
DA:81,9
DA:85,9
DA:90,15
DA:92,15
DA:94,14
DA:97,1
DA:100,15
DA:105,14
DA:122,14
DA:136,3
DA:137,1
DA:140,2
DA:142,2
DA:144,1
DA:147,1
DA:150,2
DA:157,1
DA:159,1
LF:39
LH:39
BRDA:36,0,0,13
BRDA:36,0,1,1
BRDA:81,1,0,9
BRDA:82,2,0,9
BRDA:82,2,1,8
BRDA:136,3,0,1
BRDA:136,3,1,2
BRDA:26,4,0,1
BRDA:26,4,1,0
BRDA:26,5,0,1
BRDA:26,5,1,1
BRDA:26,6,0,1
BRDA:26,6,1,0
BRDA:26,7,0,1
BRDA:26,7,1,1
BRDA:27,8,0,1
BRDA:27,8,1,0
BRDA:27,9,0,1
BRDA:27,9,1,1
BRDA:28,10,0,1
BRDA:28,10,1,0
BRDA:28,11,0,1
BRDA:28,11,1,1
BRDA:29,12,0,1
BRDA:29,12,1,0
BRDA:29,13,0,1
BRDA:29,13,1,1
BRF:27
BRH:22
end_of_record
TN:
SF:src\app\pages\user-profile\organization-profile\organization-new-campaign\organization-new-campaign.component.ts
FN:25,(anonymous_2)
FN:33,(anonymous_3)
FN:40,(anonymous_4)
FN:55,(anonymous_5)
FN:59,(anonymous_6)
FN:60,(anonymous_7)
FN:69,(anonymous_8)
FN:86,(anonymous_9)
FN:99,(anonymous_10)
FN:103,(anonymous_11)
FN:114,(anonymous_12)
FN:119,(anonymous_13)
FN:122,(anonymous_14)
FNF:13
FNH:13
FNDA:9,(anonymous_2)
FNDA:10,(anonymous_3)
FNDA:15,(anonymous_4)
FNDA:204,(anonymous_5)
FNDA:2,(anonymous_6)
FNDA:20,(anonymous_7)
FNDA:11,(anonymous_8)
FNDA:11,(anonymous_9)
FNDA:11,(anonymous_10)
FNDA:3,(anonymous_11)
FNDA:1,(anonymous_12)
FNDA:1,(anonymous_13)
FNDA:2,(anonymous_14)
DA:15,1
DA:18,9
DA:19,9
DA:21,9
DA:22,9
DA:26,9
DA:27,9
DA:28,9
DA:29,9
DA:30,9
DA:34,10
DA:35,10
DA:36,10
DA:37,10
DA:41,15
DA:56,204
DA:60,2
DA:61,20
DA:65,19
DA:70,11
DA:87,11
DA:100,11
DA:105,3
DA:107,3
DA:108,1
DA:111,2
DA:113,2
DA:115,1
DA:116,1
DA:120,1
DA:123,2
LF:31
LH:31
BRDA:61,0,0,19
BRDA:62,1,0,20
BRDA:62,1,1,18
BRDA:107,2,0,1
BRDA:107,2,1,2
BRDA:26,3,0,1
BRDA:26,3,1,0
BRDA:26,4,0,1
BRDA:26,4,1,1
BRDA:26,5,0,1
BRDA:26,5,1,0
BRDA:26,6,0,1
BRDA:26,6,1,1
BRDA:27,7,0,1
BRDA:27,7,1,0
BRDA:27,8,0,1
BRDA:27,8,1,1
BRDA:28,9,0,1
BRDA:28,9,1,0
BRDA:28,10,0,1
BRDA:28,10,1,1
BRDA:29,11,0,1
BRDA:29,11,1,0
BRDA:29,12,0,1
BRDA:29,12,1,1
BRF:25
BRH:20
end_of_record
TN:
SF:src\app\pages\user-profile\profile-edit\profile-edit.component.ts
FN:20,(anonymous_2)
FN:26,(anonymous_3)
FN:30,(anonymous_4)
FN:34,(anonymous_5)
FN:37,(anonymous_6)
FN:43,(anonymous_7)
FNF:6
FNH:6
FNDA:4,(anonymous_2)
FNDA:5,(anonymous_3)
FNDA:7,(anonymous_4)
FNDA:7,(anonymous_5)
FNDA:7,(anonymous_6)
FNDA:6,(anonymous_7)
DA:11,1
DA:15,4
DA:16,4
DA:18,4
DA:21,4
DA:22,4
DA:23,4
DA:27,5
DA:31,7
DA:33,7
DA:35,7
DA:38,7
DA:39,7
DA:44,6
DA:45,6
LF:15
LH:15
BRDA:21,0,0,1
BRDA:21,0,1,0
BRDA:21,1,0,1
BRDA:21,1,1,1
BRDA:21,2,0,1
BRDA:21,2,1,0
BRDA:21,3,0,1
BRDA:21,3,1,1
BRDA:22,4,0,1
BRDA:22,4,1,0
BRDA:22,5,0,1
BRDA:22,5,1,1
BRF:12
BRH:9
end_of_record
TN:
SF:src\app\pages\user-profile\profile-edit\organization-edit\organization-edit.component.ts
FN:37,(anonymous_2)
FN:45,(anonymous_3)
FN:59,(anonymous_4)
FN:72,(anonymous_5)
FN:85,(anonymous_6)
FN:93,(anonymous_7)
FN:103,(anonymous_8)
FN:112,(anonymous_9)
FN:116,(anonymous_10)
FN:117,(anonymous_11)
FN:126,(anonymous_12)
FN:138,(anonymous_13)
FN:145,(anonymous_14)
FN:156,(anonymous_15)
FN:159,(anonymous_16)
FN:164,(anonymous_17)
FN:168,(anonymous_18)
FN:177,(anonymous_19)
FN:180,(anonymous_20)
FN:185,(anonymous_21)
FN:189,(anonymous_22)
FN:190,(anonymous_23)
FN:199,(anonymous_24)
FN:203,(anonymous_25)
FN:208,(anonymous_26)
FN:213,(anonymous_27)
FN:224,(anonymous_28)
FN:227,(anonymous_29)
FN:230,(anonymous_30)
FN:237,(anonymous_31)
FN:248,(anonymous_32)
FN:251,(anonymous_33)
FN:254,(anonymous_34)
FN:261,(anonymous_35)
FN:270,(anonymous_36)
FN:276,(anonymous_37)
FN:284,(anonymous_38)
FN:286,(anonymous_39)
FN:289,(anonymous_40)
FN:295,(anonymous_41)
FN:297,(anonymous_42)
FN:300,(anonymous_43)
FN:306,(anonymous_44)
FN:336,(anonymous_45)
FN:348,(anonymous_46)
FNF:45
FNH:20
FNDA:8,(anonymous_2)
FNDA:10,(anonymous_3)
FNDA:10,(anonymous_4)
FNDA:10,(anonymous_5)
FNDA:10,(anonymous_6)
FNDA:10,(anonymous_7)
FNDA:10,(anonymous_8)
FNDA:222,(anonymous_9)
FNDA:0,(anonymous_10)
FNDA:0,(anonymous_11)
FNDA:2,(anonymous_12)
FNDA:0,(anonymous_13)
FNDA:0,(anonymous_14)
FNDA:0,(anonymous_15)
FNDA:0,(anonymous_16)
FNDA:0,(anonymous_17)
FNDA:0,(anonymous_18)
FNDA:0,(anonymous_19)
FNDA:0,(anonymous_20)
FNDA:156,(anonymous_21)
FNDA:0,(anonymous_22)
FNDA:0,(anonymous_23)
FNDA:10,(anonymous_24)
FNDA:10,(anonymous_25)
FNDA:10,(anonymous_26)
FNDA:0,(anonymous_27)
FNDA:0,(anonymous_28)
FNDA:0,(anonymous_29)
FNDA:0,(anonymous_30)
FNDA:0,(anonymous_31)
FNDA:0,(anonymous_32)
FNDA:0,(anonymous_33)
FNDA:0,(anonymous_34)
FNDA:1,(anonymous_35)
FNDA:1,(anonymous_36)
FNDA:0,(anonymous_37)
FNDA:11,(anonymous_38)
FNDA:10,(anonymous_39)
FNDA:1,(anonymous_40)
FNDA:0,(anonymous_41)
FNDA:0,(anonymous_42)
FNDA:0,(anonymous_43)
FNDA:0,(anonymous_44)
FNDA:10,(anonymous_45)
FNDA:10,(anonymous_46)
DA:17,1
DA:26,8
DA:27,8
DA:28,8
DA:29,8
DA:31,8
DA:32,8
DA:34,8
DA:35,8
DA:38,8
DA:39,8
DA:40,8
DA:41,8
DA:42,8
DA:46,10
DA:47,10
DA:48,10
DA:49,10
DA:50,10
DA:51,10
DA:53,10
DA:54,10
DA:55,10
DA:60,10
DA:73,10
DA:86,10
DA:87,10
DA:89,10
DA:90,10
DA:94,10
DA:95,10
DA:96,10
DA:97,10
DA:98,10
DA:99,10
DA:100,10
DA:104,10
DA:105,10
DA:106,10
DA:107,10
DA:108,10
DA:109,10
DA:113,222
DA:117,0
DA:118,0
DA:122,0
DA:127,2
DA:128,0
DA:130,2
DA:131,1
DA:134,1
DA:139,0
DA:141,0
DA:142,0
DA:144,0
DA:146,0
DA:148,0
DA:149,0
DA:152,0
DA:157,0
DA:160,0
DA:165,0
DA:167,0
DA:170,0
DA:171,0
DA:174,0
DA:178,0
DA:181,0
DA:186,156
DA:190,0
DA:191,0
DA:195,0
DA:200,10
DA:202,10
DA:204,10
DA:206,10
DA:209,10
DA:215,0
DA:217,0
DA:218,0
DA:221,0
DA:223,0
DA:225,0
DA:228,0
DA:231,0
DA:239,0
DA:241,0
DA:242,0
DA:245,0
DA:247,0
DA:249,0
DA:252,0
DA:255,0
DA:262,1
DA:268,1
DA:269,1
DA:271,1
DA:273,1
DA:274,1
DA:277,0
DA:285,11
DA:287,10
DA:290,1
DA:296,0
DA:298,0
DA:301,0
DA:308,0
DA:310,0
DA:313,0
DA:316,0
DA:319,0
DA:322,0
DA:325,0
DA:328,0
DA:331,0
DA:337,10
DA:349,10
LF:117
LH:64
BRDA:53,0,0,10
BRDA:118,1,0,0
BRDA:119,2,0,0
BRDA:119,2,1,0
BRDA:127,3,0,0
BRDA:127,3,1,2
BRDA:130,4,0,1
BRDA:130,4,1,1
BRDA:148,5,0,0
BRDA:148,5,1,0
BRDA:170,6,0,0
BRDA:170,6,1,0
BRDA:191,7,0,0
BRDA:192,8,0,0
BRDA:192,8,1,0
BRDA:206,9,0,10
BRDA:217,10,0,0
BRDA:217,10,1,0
BRDA:241,11,0,0
BRDA:241,11,1,0
BRDA:268,12,0,1
BRDA:268,13,0,1
BRDA:268,13,1,1
BRDA:268,13,2,1
BRDA:308,14,0,0
BRDA:308,14,1,0
BRDA:308,14,2,0
BRDA:308,14,3,0
BRDA:308,14,4,0
BRDA:308,14,5,0
BRDA:308,14,6,0
BRDA:308,14,7,0
BRDA:38,15,0,1
BRDA:38,15,1,0
BRDA:38,16,0,1
BRDA:38,16,1,1
BRDA:38,17,0,1
BRDA:38,17,1,0
BRDA:38,18,0,1
BRDA:38,18,1,1
BRDA:39,19,0,1
BRDA:39,19,1,0
BRDA:39,20,0,1
BRDA:39,20,1,1
BRDA:40,21,0,1
BRDA:40,21,1,0
BRDA:40,22,0,1
BRDA:40,22,1,1
BRDA:41,23,0,1
BRDA:41,23,1,0
BRDA:41,24,0,1
BRDA:41,24,1,1
BRF:52
BRH:24
end_of_record
TN:
SF:src\app\pages\user-profile\profile-edit\volunteer-edit\volunteer-edit.component.ts
FN:20,(anonymous_2)
FN:26,(anonymous_3)
FN:35,(anonymous_4)
FN:46,(anonymous_5)
FN:53,(anonymous_6)
FN:61,(anonymous_7)
FN:65,(anonymous_8)
FN:66,(anonymous_9)
FN:75,(anonymous_10)
FN:87,(anonymous_11)
FN:94,(anonymous_12)
FN:97,(anonymous_13)
FN:100,(anonymous_14)
FN:105,(anonymous_15)
FN:109,(anonymous_16)
FN:112,(anonymous_17)
FN:115,(anonymous_18)
FNF:17
FNH:17
FNDA:10,(anonymous_2)
FNDA:12,(anonymous_3)
FNDA:12,(anonymous_4)
FNDA:12,(anonymous_5)
FNDA:11,(anonymous_6)
FNDA:203,(anonymous_7)
FNDA:1,(anonymous_8)
FNDA:6,(anonymous_9)
FNDA:3,(anonymous_10)
FNDA:2,(anonymous_11)
FNDA:1,(anonymous_12)
FNDA:1,(anonymous_13)
FNDA:2,(anonymous_14)
FNDA:2,(anonymous_15)
FNDA:1,(anonymous_16)
FNDA:1,(anonymous_17)
FNDA:2,(anonymous_18)
DA:11,1
DA:17,10
DA:18,10
DA:21,10
DA:22,10
DA:23,10
DA:27,12
DA:28,12
DA:30,12
DA:31,12
DA:36,12
DA:47,12
DA:49,12
DA:50,12
DA:54,11
DA:55,11
DA:56,11
DA:57,11
DA:58,11
DA:62,203
DA:66,1
DA:67,6
DA:71,1
DA:76,3
DA:77,1
DA:79,2
DA:80,1
DA:83,1
DA:88,2
DA:90,2
DA:91,2
DA:93,2
DA:95,1
DA:98,1
DA:101,2
DA:106,2
DA:108,2
DA:110,1
DA:113,1
DA:116,2
LF:40
LH:40
BRDA:30,0,0,12
BRDA:67,1,0,1
BRDA:68,2,0,6
BRDA:68,2,1,5
BRDA:76,3,0,1
BRDA:76,3,1,2
BRDA:79,4,0,1
BRDA:79,4,1,1
BRDA:21,5,0,1
BRDA:21,5,1,0
BRDA:21,6,0,1
BRDA:21,6,1,1
BRDA:21,7,0,1
BRDA:21,7,1,0
BRDA:21,8,0,1
BRDA:21,8,1,1
BRDA:22,9,0,1
BRDA:22,9,1,0
BRDA:22,10,0,1
BRDA:22,10,1,1
BRF:20
BRH:17
end_of_record
TN:
SF:src\app\pages\user-profile\volunteer-profile\volunteer-profile.component.ts
FN:11,(anonymous_2)
FNF:1
FNH:1
FNDA:3,(anonymous_2)
DA:7,1
LF:1
LH:1
BRF:0
BRH:0
end_of_record
TN:
SF:src\app\pages\user-profile\volunteer-profile\volunteer-campaigns-aproved\volunteer-campaigns-aproved.component.ts
FN:14,(anonymous_2)
FN:19,(anonymous_3)
FN:23,(anonymous_4)
FN:27,(anonymous_5)
FN:30,(anonymous_6)
FNF:5
FNH:5
FNDA:3,(anonymous_2)
FNDA:4,(anonymous_3)
FNDA:5,(anonymous_4)
FNDA:5,(anonymous_5)
FNDA:5,(anonymous_6)
DA:10,1
DA:12,3
DA:15,3
DA:16,3
DA:20,4
DA:24,5
DA:26,5
DA:28,5
DA:31,5
LF:9
LH:9
BRDA:15,0,0,1
BRDA:15,0,1,0
BRDA:15,1,0,1
BRDA:15,1,1,1
BRDA:15,2,0,1
BRDA:15,2,1,0
BRDA:15,3,0,1
BRDA:15,3,1,1
BRF:8
BRH:6
end_of_record
TN:
SF:src\app\shared\enums\campaignStatus.ts
FN:1,(anonymous_0)
FNF:1
FNH:1
FNDA:1,(anonymous_0)
DA:1,1
DA:2,1
DA:3,1
DA:4,1
LF:4
LH:4
BRDA:1,0,0,1
BRDA:1,0,1,1
BRF:2
BRH:2
end_of_record
TN:
SF:src\app\shared\enums\campaignType.ts
FN:1,(anonymous_0)
FNF:1
FNH:1
FNDA:1,(anonymous_0)
DA:1,1
DA:2,1
DA:3,1
LF:3
LH:3
BRDA:1,0,0,1
BRDA:1,0,1,1
BRF:2
BRH:2
end_of_record
TN:
SF:src\app\shared\enums\campaignVolunteerStatus.ts
FN:1,(anonymous_0)
FNF:1
FNH:1
FNDA:1,(anonymous_0)
DA:1,1
DA:2,1
DA:3,1
DA:4,1
LF:4
LH:4
BRDA:1,0,0,1
BRDA:1,0,1,1
BRF:2
BRH:2
end_of_record
TN:
SF:src\app\shared\enums\documentType.ts
FN:1,(anonymous_0)
FNF:1
FNH:1
FNDA:1,(anonymous_0)
DA:1,1
DA:2,1
DA:3,1
DA:4,1
LF:4
LH:4
BRDA:1,0,0,1
BRDA:1,0,1,1
BRF:2
BRH:2
end_of_record
TN:
SF:src\app\shared\enums\linkType.ts
FN:1,(anonymous_0)
FNF:1
FNH:1
FNDA:1,(anonymous_0)
DA:1,1
DA:2,1
DA:3,1
DA:4,1
DA:5,1
DA:6,1
DA:7,1
DA:8,1
LF:8
LH:8
BRDA:1,0,0,1
BRDA:1,0,1,1
BRF:2
BRH:2
end_of_record
TN:
SF:src\app\shared\enums\pixType.ts
FN:1,(anonymous_0)
FNF:1
FNH:1
FNDA:1,(anonymous_0)
DA:1,1
DA:2,1
DA:3,1
DA:4,1
DA:5,1
DA:6,1
LF:6
LH:6
BRDA:1,0,0,1
BRDA:1,0,1,1
BRF:2
BRH:2
end_of_record
TN:
SF:src\app\shared\enums\userType.ts
FN:1,(anonymous_0)
FNF:1
FNH:1
FNDA:1,(anonymous_0)
DA:1,1
DA:2,1
DA:3,1
DA:4,1
LF:4
LH:4
BRDA:1,0,0,1
BRDA:1,0,1,1
BRF:2
BRH:2
end_of_record
TN:
SF:src\app\shared\models\campaign.ts
FN:5,(anonymous_0)
FN:24,(anonymous_1)
FN:41,(anonymous_2)
FNF:3
FNH:2
FNDA:0,(anonymous_0)
FNDA:10,(anonymous_1)
FNDA:18,(anonymous_2)
DA:6,0
DA:25,10
DA:42,18
LF:3
LH:2
BRF:0
BRH:0
end_of_record
TN:
SF:src\app\shared\models\link.ts
FN:2,(anonymous_0)
FN:14,(anonymous_1)
FNF:2
FNH:1
FNDA:0,(anonymous_0)
FNDA:1,(anonymous_1)
DA:3,0
DA:15,1
LF:2
LH:1
BRF:0
BRH:0
end_of_record
TN:
SF:src\app\shared\models\login.ts
FN:2,(anonymous_0)
FNF:1
FNH:1
FNDA:4,(anonymous_0)
DA:3,4
LF:1
LH:1
BRF:0
BRH:0
end_of_record
TN:
SF:src\app\shared\models\organizationInfo.ts
FN:4,(anonymous_0)
FN:23,(anonymous_1)
FN:38,(anonymous_2)
FNF:3
FNH:1
FNDA:0,(anonymous_0)
FNDA:10,(anonymous_1)
FNDA:0,(anonymous_2)
DA:5,0
DA:24,10
DA:39,0
LF:3
LH:1
BRF:0
BRH:0
end_of_record
TN:
SF:src\app\shared\models\profile.ts
FN:2,(anonymous_0)
FN:19,(anonymous_1)
FN:35,(anonymous_2)
FNF:3
FNH:2
FNDA:0,(anonymous_0)
FNDA:2,(anonymous_1)
FNDA:22,(anonymous_2)
DA:3,0
DA:20,2
DA:36,22
LF:3
LH:2
BRF:0
BRH:0
end_of_record
TN:
SF:src\app\shared\models\user.ts
FN:5,(anonymous_0)
FN:22,(anonymous_1)
FNF:2
FNH:1
FNDA:0,(anonymous_0)
FNDA:27,(anonymous_1)
DA:6,0
DA:23,27
LF:2
LH:1
BRF:0
BRH:0
end_of_record
TN:
SF:src\app\shared\services\campaign.service.ts
FN:17,(anonymous_2)
FN:19,(anonymous_3)
FN:26,(anonymous_4)
FN:33,(anonymous_5)
FN:40,(anonymous_6)
FN:48,(anonymous_7)
FN:56,(anonymous_8)
FNF:7
FNH:0
FNDA:0,(anonymous_2)
FNDA:0,(anonymous_3)
FNDA:0,(anonymous_4)
FNDA:0,(anonymous_5)
FNDA:0,(anonymous_6)
FNDA:0,(anonymous_7)
FNDA:0,(anonymous_8)
DA:6,1
DA:15,1
DA:17,0
DA:20,0
DA:27,0
DA:34,0
DA:41,0
DA:49,0
DA:57,0
LF:9
LH:2
BRDA:17,0,0,1
BRDA:17,0,1,0
BRDA:17,1,0,1
BRDA:17,1,1,1
BRF:4
BRH:3
end_of_record
TN:
SF:src\app\shared\services\campaignVolunteer.service.ts
FN:17,(anonymous_2)
FN:19,(anonymous_3)
FN:26,(anonymous_4)
FN:33,(anonymous_5)
FN:40,(anonymous_6)
FN:47,(anonymous_7)
FN:55,(anonymous_8)
FN:63,(anonymous_9)
FNF:8
FNH:0
FNDA:0,(anonymous_2)
FNDA:0,(anonymous_3)
FNDA:0,(anonymous_4)
FNDA:0,(anonymous_5)
FNDA:0,(anonymous_6)
FNDA:0,(anonymous_7)
FNDA:0,(anonymous_8)
FNDA:0,(anonymous_9)
DA:6,1
DA:15,1
DA:17,0
DA:20,0
DA:27,0
DA:34,0
DA:41,0
DA:48,0
DA:56,0
DA:64,0
LF:10
LH:2
BRDA:17,0,0,1
BRDA:17,0,1,0
BRDA:17,1,0,1
BRDA:17,1,1,1
BRF:4
BRH:3
end_of_record
TN:
SF:src\app\shared\services\donation.service.ts
FN:17,(anonymous_2)
FN:19,(anonymous_3)
FNF:2
FNH:0
FNDA:0,(anonymous_2)
FNDA:0,(anonymous_3)
DA:6,1
DA:15,1
DA:17,0
DA:20,0
LF:4
LH:2
BRDA:17,0,0,1
BRDA:17,0,1,0
BRDA:17,1,0,1
BRDA:17,1,1,1
BRF:4
BRH:3
end_of_record
TN:
SF:src\app\shared\services\link.service.ts
FN:17,(anonymous_2)
FN:19,(anonymous_3)
FN:27,(anonymous_4)
FN:34,(anonymous_5)
FNF:4
FNH:0
FNDA:0,(anonymous_2)
FNDA:0,(anonymous_3)
FNDA:0,(anonymous_4)
FNDA:0,(anonymous_5)
DA:6,1
DA:15,1
DA:17,0
DA:20,0
DA:28,0
DA:35,0
LF:6
LH:2
BRDA:17,0,0,1
BRDA:17,0,1,0
BRDA:17,1,0,1
BRDA:17,1,1,1
BRF:4
BRH:3
end_of_record
TN:
SF:src\app\shared\services\local-storage.service.ts
FN:11,(anonymous_2)
FN:15,(anonymous_3)
FN:22,(anonymous_4)
FN:30,(anonymous_5)
FN:38,(anonymous_6)
FNF:5
FNH:3
FNDA:2,(anonymous_2)
FNDA:2,(anonymous_3)
FNDA:0,(anonymous_4)
FNDA:0,(anonymous_5)
FNDA:2,(anonymous_6)
DA:7,1
DA:12,2
DA:16,2
DA:17,2
DA:19,0
DA:23,0
DA:24,0
DA:25,0
DA:27,0
DA:31,0
DA:32,0
DA:33,0
DA:35,0
DA:39,2
LF:14
LH:5
BRDA:16,0,0,2
BRDA:23,1,0,0
BRDA:31,2,0,0
BRF:3
BRH:1
end_of_record
TN:
SF:src\app\shared\services\login.service.ts
FN:17,(anonymous_2)
FN:19,(anonymous_3)
FNF:2
FNH:0
FNDA:0,(anonymous_2)
FNDA:0,(anonymous_3)
DA:6,1
DA:15,1
DA:17,0
DA:20,0
LF:4
LH:2
BRDA:17,0,0,1
BRDA:17,0,1,0
BRDA:17,1,0,1
BRDA:17,1,1,1
BRF:4
BRH:3
end_of_record
TN:
SF:src\app\shared\services\organizationInfo.service.ts
FN:17,(anonymous_2)
FN:19,(anonymous_3)
FN:27,(anonymous_4)
FN:35,(anonymous_5)
FN:42,(anonymous_6)
FN:49,(anonymous_7)
FN:56,(anonymous_8)
FNF:7
FNH:0
FNDA:0,(anonymous_2)
FNDA:0,(anonymous_3)
FNDA:0,(anonymous_4)
FNDA:0,(anonymous_5)
FNDA:0,(anonymous_6)
FNDA:0,(anonymous_7)
FNDA:0,(anonymous_8)
DA:6,1
DA:15,1
DA:17,0
DA:20,0
DA:28,0
DA:36,0
DA:43,0
DA:50,0
DA:57,0
LF:9
LH:2
BRDA:17,0,0,1
BRDA:17,0,1,0
BRDA:17,1,0,1
BRDA:17,1,1,1
BRF:4
BRH:3
end_of_record
TN:
SF:src\app\shared\services\profile.service.ts
FN:18,(anonymous_2)
FN:20,(anonymous_3)
FN:28,(anonymous_4)
FN:36,(anonymous_5)
FN:43,(anonymous_6)
FN:50,(anonymous_7)
FN:57,(anonymous_8)
FNF:7
FNH:0
FNDA:0,(anonymous_2)
FNDA:0,(anonymous_3)
FNDA:0,(anonymous_4)
FNDA:0,(anonymous_5)
FNDA:0,(anonymous_6)
FNDA:0,(anonymous_7)
FNDA:0,(anonymous_8)
DA:7,1
DA:16,1
DA:18,0
DA:21,0
DA:29,0
DA:37,0
DA:44,0
DA:51,0
DA:58,0
LF:9
LH:2
BRDA:18,0,0,1
BRDA:18,0,1,0
BRDA:18,1,0,1
BRDA:18,1,1,1
BRF:4
BRH:3
end_of_record
TN:
SF:src\app\shared\services\user.service.ts
FN:18,(anonymous_2)
FN:20,(anonymous_3)
FN:28,(anonymous_4)
FNF:3
FNH:0
FNDA:0,(anonymous_2)
FNDA:0,(anonymous_3)
FNDA:0,(anonymous_4)
DA:7,1
DA:16,1
DA:18,0
DA:21,0
DA:29,0
LF:5
LH:2
BRDA:18,0,0,1
BRDA:18,0,1,0
BRDA:18,1,0,1
BRDA:18,1,1,1
BRF:4
BRH:3
end_of_record
TN:
SF:src\environments\environment.ts
FNF:0
FNH:0
DA:5,1
LF:1
LH:1
BRF:0
BRH:0
end_of_record
